Using pre-set license
Built from '2020.3/staging' branch; Version is '2020.3.22f1 (e1a7f79fd887) revision 14788599'; Using compiler version '192528614'; Build Type 'Release'
OS: 'Windows 10 Home; OS build 19043.1415; Version 2009; 64bit' Language: 'en' Physical Memory: 16321 MB
BatchMode: 1, IsHumanControllingUs: 0, StartBugReporterOnCrash: 0, Is64bit: 1, IsPro: 0

COMMAND LINE ARGUMENTS:
C:\Program Files\Unity\Hub\Editor\2020.3.22f1\Editor\Unity.exe
-adb2
-batchMode
-noUpm
-name
AssetImportWorker0
-projectPath
D:/Unity/VR Escape Room
-logFile
Logs/AssetImportWorker0.log
-srvPort
7138
Successfully changed project path to: D:/Unity/VR Escape Room
D:/Unity/VR Escape Room
Using Asset Import Pipeline V2.
Refreshing native plugins compatible for Editor in 78.35 ms, found 16 plugins.
Preloading 2 native plugins for Editor in 1.74 ms.
Initialize engine version: 2020.3.22f1 (e1a7f79fd887)
[Subsystems] Discovering subsystems at path C:/Program Files/Unity/Hub/Editor/2020.3.22f1/Editor/Data/Resources/UnitySubsystems
[Subsystems] Discovering subsystems at path D:/Unity/VR Escape Room/Assets
GfxDevice: creating device client; threaded=0
Direct3D:
    Version:  Direct3D 11.0 [level 11.1]
    Renderer: NVIDIA GeForce GTX 1650 SUPER (ID=0x2187)
    Vendor:   
    VRAM:     3955 MB
    Driver:   30.0.14.9649
Shader 'Custom/RainShader': fallback shader 'Particles/Alpha Blended' not found
Initialize mono
Mono path[0] = 'C:/Program Files/Unity/Hub/Editor/2020.3.22f1/Editor/Data/Managed'
Mono path[1] = 'C:/Program Files/Unity/Hub/Editor/2020.3.22f1/Editor/Data/MonoBleedingEdge/lib/mono/unityjit'
Mono config path = 'C:/Program Files/Unity/Hub/Editor/2020.3.22f1/Editor/Data/MonoBleedingEdge/etc'
Using monoOptions --debugger-agent=transport=dt_socket,embedding=1,server=y,suspend=n,address=127.0.0.1:56156
Begin MonoManager ReloadAssembly
Registering precompiled unity dll's ...
Register platform support module: C:/Program Files/Unity/Hub/Editor/2020.3.22f1/Editor/Data/PlaybackEngines/WindowsStandaloneSupport/UnityEditor.WindowsStandalone.Extensions.dll
Registered in 0.001675 seconds.
Native extension for WindowsStandalone target not found
Refreshing native plugins compatible for Editor in 59.95 ms, found 16 plugins.
Preloading 2 native plugins for Editor in 0.07 ms.
Mono: successfully reloaded assembly
- Completed reload, in  1.509 seconds
Domain Reload Profiling:
	ReloadAssembly (1509ms)
		BeginReloadAssembly (55ms)
			ExecutionOrderSort (0ms)
			DisableScriptedObjects (0ms)
			BackupInstance (0ms)
			ReleaseScriptingObjects (0ms)
			CreateAndSetChildDomain (1ms)
		EndReloadAssembly (405ms)
			LoadAssemblies (53ms)
			RebuildTransferFunctionScriptingTraits (0ms)
			SetupTypeCache (124ms)
			ReleaseScriptCaches (0ms)
			RebuildScriptCaches (23ms)
			SetupLoadedEditorAssemblies (169ms)
				LogAssemblyErrors (0ms)
				InitializePlatformSupportModulesInManaged (3ms)
				SetLoadedEditorAssemblies (0ms)
				RefreshPlugins (60ms)
				BeforeProcessingInitializeOnLoad (15ms)
				ProcessInitializeOnLoadAttributes (68ms)
				ProcessInitializeOnLoadMethodAttributes (23ms)
				AfterProcessingInitializeOnLoad (0ms)
				EditorAssembliesLoaded (0ms)
			ExecutionOrderSort2 (0ms)
			AwakeInstancesAfterBackupRestoration (0ms)
Platform modules already initialized, skipping
Registering precompiled user dll's ...
Registered in 0.010346 seconds.
Begin MonoManager ReloadAssembly
Native extension for WindowsStandalone target not found
Refreshing native plugins compatible for Editor in 53.45 ms, found 16 plugins.
Preloading 2 native plugins for Editor in 0.07 ms.
[XR] OculusXRPlugin: registering subsystems
[XR] Unable to register display lifecyle provider: [1]
[XR] Oculus Input lifecycle provider registered.
[XR] Unable to register input lifecyle provider: [1]
System.Reflection.TargetInvocationException: Exception has been thrown by the target of an invocation. ---> System.NullReferenceException: Object reference not set to an instance of an object
  at Unity.XR.Oculus.OculusLoader.AssetPathToAbsolutePath (System.String assetPath) [0x00048] in D:\Unity\VR Escape Room\Library\PackageCache\com.unity.xr.oculus@1.10.0\Runtime\OculusLoader.cs:250 
  at Unity.XR.Oculus.OculusLoader.EditorLoadOVRPlugin () [0x0007b] in D:\Unity\VR Escape Room\Library\PackageCache\com.unity.xr.oculus@1.10.0\Runtime\OculusLoader.cs:235 
  at (wrapper managed-to-native) System.Reflection.MonoMethod.InternalInvoke(System.Reflection.MonoMethod,object,object[],System.Exception&)
  at System.Reflection.MonoMethod.Invoke (System.Object obj, System.Reflection.BindingFlags invokeAttr, System.Reflection.Binder binder, System.Object[] parameters, System.Globalization.CultureInfo culture) [0x00032] in <695d1cc93cca45069c528c15c9fdd749>:0 
   --- End of inner exception stack trace ---
  at System.Reflection.MonoMethod.Invoke (System.Object obj, System.Reflection.BindingFlags invokeAttr, System.Reflection.Binder binder, System.Object[] parameters, System.Globalization.CultureInfo culture) [0x00048] in <695d1cc93cca45069c528c15c9fdd749>:0 
  at System.Reflection.MethodBase.Invoke (System.Object obj, System.Object[] parameters) [0x00000] in <695d1cc93cca45069c528c15c9fdd749>:0 
  at UnityEditor.EditorAssemblies.ProcessInitializeOnLoadMethodAttributes () [0x00047] in <2cd7ebc9c2ef4276a8edbc7de85c89ce>:0 
UnityEngine.StackTraceUtility:ExtractStackTrace ()
UnityEngine.DebugLogHandler:LogFormat (UnityEngine.LogType,UnityEngine.Object,string,object[])
UnityEngine.Logger:Log (UnityEngine.LogType,object)
UnityEngine.Debug:LogError (object)
UnityEditor.EditorAssemblies:ProcessInitializeOnLoadMethodAttributes ()

Mono: successfully reloaded assembly
- Completed reload, in  1.042 seconds
Domain Reload Profiling:
	ReloadAssembly (1043ms)
		BeginReloadAssembly (124ms)
			ExecutionOrderSort (0ms)
			DisableScriptedObjects (3ms)
			BackupInstance (0ms)
			ReleaseScriptingObjects (0ms)
			CreateAndSetChildDomain (15ms)
		EndReloadAssembly (865ms)
			LoadAssemblies (82ms)
			RebuildTransferFunctionScriptingTraits (0ms)
			SetupTypeCache (263ms)
			ReleaseScriptCaches (1ms)
			RebuildScriptCaches (43ms)
			SetupLoadedEditorAssemblies (370ms)
				LogAssemblyErrors (0ms)
				InitializePlatformSupportModulesInManaged (3ms)
				SetLoadedEditorAssemblies (0ms)
				RefreshPlugins (54ms)
				BeforeProcessingInitializeOnLoad (78ms)
				ProcessInitializeOnLoadAttributes (206ms)
				ProcessInitializeOnLoadMethodAttributes (22ms)
				AfterProcessingInitializeOnLoad (7ms)
				EditorAssembliesLoaded (0ms)
			ExecutionOrderSort2 (0ms)
			AwakeInstancesAfterBackupRestoration (6ms)
Platform modules already initialized, skipping
========================================================================
Worker process is ready to serve import requests
Shader 'Custom/RainShader': fallback shader 'Particles/Alpha Blended' not found
Launched and connected shader compiler UnityShaderCompiler.exe after 0.06 seconds
Refreshing native plugins compatible for Editor in 1.28 ms, found 16 plugins.
Preloading 2 native plugins for Editor in 0.09 ms.
Unloading 2713 Unused Serialized files (Serialized files now loaded: 0)
System memory in use before: 123.5 MB.
System memory in use after: 123.7 MB.

Unloading 42 unused Assets to reduce memory usage. Loaded Objects now: 3172.
Total: 3.170500 ms (FindLiveObjects: 0.258800 ms CreateObjectMapping: 0.068600 ms MarkObjects: 2.765700 ms  DeleteObjects: 0.076400 ms)

AssetImportParameters requested are different than current active one (requested -> active):
  custom:framework-win-MediaFoundation: 216162199b28c13a410421893ffa2e32 -> 
  custom:video-decoder-ogg-theora: a1e56fd34408186e4bbccfd4996cb3dc -> 
  custom:container-muxer-webm: aa71ff27fc2769a1b78a27578f13a17b -> 
  custom:container-demuxer-webm: 4f35f7cbe854078d1ac9338744f61a02 -> 
  custom:container-demuxer-ogg: 62fdf1f143b41e24485cea50d1cbac27 -> 
  custom:video-encoder-webm-vp8: eb34c28f22e8b96e1ab97ce403110664 -> 
  custom:video-decoder-webm-vp8: 9c59270c3fd7afecdb556c50c9e8de78 -> 
  custom:audio-decoder-ogg-vorbis: bf7c407c2cedff20999df2af8eb42d56 -> 
  custom:audio-encoder-webm-vorbis: bf7c407c2cedff20999df2af8eb42d56 -> 
========================================================================
Received Import Request.
  path: Assets/Imports/PBR Ground Materials #1 [Dirt& Grass]/Textures/Dirt_03/Dirt_03_Normal.tga
  artifactKey: Guid(8d321f3abed936e4f87fc851cd6c7322) Importer(815301076,1909f56bfc062723c751e8b465ee728b)
Start importing Assets/Imports/PBR Ground Materials #1 [Dirt& Grass]/Textures/Dirt_03/Dirt_03_Normal.tga using Guid(8d321f3abed936e4f87fc851cd6c7322) Importer(815301076,1909f56bfc062723c751e8b465ee728b)  -> (artifact id: '726ea6d062b9ab33eebd21da7c5b04e8') in 0.224212 seconds 
  Import took 0.253624 seconds .

========================================================================
Received Import Request.
  Time since last request: 0.000189 seconds.
  path: Assets/Imports/PBR Ground Materials #1 [Dirt& Grass]/Textures/Dirt_03/Dirt_03_Diffuse.tga
  artifactKey: Guid(8eeb3b6627af1a3498d3b8bee02ea4ab) Importer(815301076,1909f56bfc062723c751e8b465ee728b)
Start importing Assets/Imports/PBR Ground Materials #1 [Dirt& Grass]/Textures/Dirt_03/Dirt_03_Diffuse.tga using Guid(8eeb3b6627af1a3498d3b8bee02ea4ab) Importer(815301076,1909f56bfc062723c751e8b465ee728b)  -> (artifact id: '43450d5b909332427e8ae60a0b40f09f') in 0.043983 seconds 
  Import took 0.052394 seconds .

========================================================================
Received Import Request.
  Time since last request: 0.000205 seconds.
  path: Assets/Imports/PBR Ground Materials #1 [Dirt& Grass]/Textures/Dirt_03/Dirt_03_Ambient_Occlusion.tga
  artifactKey: Guid(3804b1c99ab4d58448249398ff85bef2) Importer(815301076,1909f56bfc062723c751e8b465ee728b)
Start importing Assets/Imports/PBR Ground Materials #1 [Dirt& Grass]/Textures/Dirt_03/Dirt_03_Ambient_Occlusion.tga using Guid(3804b1c99ab4d58448249398ff85bef2) Importer(815301076,1909f56bfc062723c751e8b465ee728b)  -> (artifact id: '38f91f43df46bc115aeecf5133f1ad53') in 0.071051 seconds 
  Import took 0.087386 seconds .

========================================================================
Received Import Request.
  Time since last request: 0.000184 seconds.
  path: Assets/Imports/PBR Ground Materials #1 [Dirt& Grass]/Textures/Dirt_03/Dirt_03_Height.tga
  artifactKey: Guid(65dfd75617a9fb94caed44745723e979) Importer(815301076,1909f56bfc062723c751e8b465ee728b)
Start importing Assets/Imports/PBR Ground Materials #1 [Dirt& Grass]/Textures/Dirt_03/Dirt_03_Height.tga using Guid(65dfd75617a9fb94caed44745723e979) Importer(815301076,1909f56bfc062723c751e8b465ee728b)  -> (artifact id: 'a35420f54347dbbe5d375e40d3b8d753') in 0.037785 seconds 
  Import took 0.057117 seconds .

========================================================================
Received Import Request.
  Time since last request: 0.000178 seconds.
  path: Assets/Imports/PBR Ground Materials #1 [Dirt& Grass]/Textures/Dirt_03/Dirt_03_Specular.tga
  artifactKey: Guid(83fd2fa6350044746956c21ee5d3e12a) Importer(815301076,1909f56bfc062723c751e8b465ee728b)
Start importing Assets/Imports/PBR Ground Materials #1 [Dirt& Grass]/Textures/Dirt_03/Dirt_03_Specular.tga using Guid(83fd2fa6350044746956c21ee5d3e12a) Importer(815301076,1909f56bfc062723c751e8b465ee728b)  -> (artifact id: '80c91ff93b0d631e44cf0bea6dc95662') in 0.037070 seconds 
  Import took 0.046057 seconds .

========================================================================
Received Import Request.
  Time since last request: 85.919585 seconds.
  path: Assets/Imports/PBR Ground Materials #1 [Dirt& Grass]/Textures
  artifactKey: Guid(2a2d029c2e8e41a449f8a35591f80b5b) Importer(815301076,1909f56bfc062723c751e8b465ee728b)
Start importing Assets/Imports/PBR Ground Materials #1 [Dirt& Grass]/Textures using Guid(2a2d029c2e8e41a449f8a35591f80b5b) Importer(815301076,1909f56bfc062723c751e8b465ee728b)  -> (artifact id: '47f2b12a1af27e7e43845611097880f5') in 0.006055 seconds 
  Import took 0.010198 seconds .

========================================================================
Received Import Request.
  Time since last request: 0.929610 seconds.
  path: Assets/Imports/PBR Ground Materials #1 [Dirt& Grass]/Textures/Dirt_03
  artifactKey: Guid(2b3572f2b81ff6940b17f7f416a262ac) Importer(815301076,1909f56bfc062723c751e8b465ee728b)
Start importing Assets/Imports/PBR Ground Materials #1 [Dirt& Grass]/Textures/Dirt_03 using Guid(2b3572f2b81ff6940b17f7f416a262ac) Importer(815301076,1909f56bfc062723c751e8b465ee728b)  -> (artifact id: '83c8e34d00c6f37769d63177f341a828') in 0.007631 seconds 
  Import took 0.011314 seconds .

========================================================================
Received Import Request.
  Time since last request: 35.663947 seconds.
  path: Assets/Imports/PBR Ground Materials #1 [Dirt& Grass]/Textures/Dirt_03/Dirt_03_Diffuse.tga
  artifactKey: Guid(8eeb3b6627af1a3498d3b8bee02ea4ab) Importer(815301076,1909f56bfc062723c751e8b465ee728b)
Start importing Assets/Imports/PBR Ground Materials #1 [Dirt& Grass]/Textures/Dirt_03/Dirt_03_Diffuse.tga using Guid(8eeb3b6627af1a3498d3b8bee02ea4ab) Importer(815301076,1909f56bfc062723c751e8b465ee728b)  -> (artifact id: '9fe82ccc8bdd007313103c2a9e6f9fbe') in 0.092656 seconds 
  Import took 0.111672 seconds .

========================================================================
Received Import Request.
  Time since last request: 34.062949 seconds.
  path: Assets/Imports/PBR Ground Materials #1 [Dirt& Grass]/Textures/Dirt_03/Dirt_03_Specular.tga
  artifactKey: Guid(83fd2fa6350044746956c21ee5d3e12a) Importer(815301076,1909f56bfc062723c751e8b465ee728b)
Start importing Assets/Imports/PBR Ground Materials #1 [Dirt& Grass]/Textures/Dirt_03/Dirt_03_Specular.tga using Guid(83fd2fa6350044746956c21ee5d3e12a) Importer(815301076,1909f56bfc062723c751e8b465ee728b)  -> (artifact id: '9923ca7c890ed6f6dcbfbae67664a236') in 0.152223 seconds 
  Import took 0.163889 seconds .

========================================================================
Received Import Request.
  Time since last request: 9.491090 seconds.
  path: Assets/Imports/PBR Ground Materials #1 [Dirt& Grass]/Textures/Dirt_03/Dirt_03_Height.tga
  artifactKey: Guid(65dfd75617a9fb94caed44745723e979) Importer(815301076,1909f56bfc062723c751e8b465ee728b)
Start importing Assets/Imports/PBR Ground Materials #1 [Dirt& Grass]/Textures/Dirt_03/Dirt_03_Height.tga using Guid(65dfd75617a9fb94caed44745723e979) Importer(815301076,1909f56bfc062723c751e8b465ee728b)  -> (artifact id: 'ed8b6107989fa52a8b0c121d09bbed65') in 0.170060 seconds 
  Import took 0.198686 seconds .

========================================================================
Received Import Request.
  Time since last request: 10.450236 seconds.
  path: Assets/Imports/PBR Ground Materials #1 [Dirt& Grass]/Textures/Dirt_03/Dirt_03_Ambient_Occlusion.tga
  artifactKey: Guid(3804b1c99ab4d58448249398ff85bef2) Importer(815301076,1909f56bfc062723c751e8b465ee728b)
Start importing Assets/Imports/PBR Ground Materials #1 [Dirt& Grass]/Textures/Dirt_03/Dirt_03_Ambient_Occlusion.tga using Guid(3804b1c99ab4d58448249398ff85bef2) Importer(815301076,1909f56bfc062723c751e8b465ee728b)  -> (artifact id: 'dde30ae5cdaf6852ac5281efdd739097') in 0.046784 seconds 
  Import took 0.067402 seconds .

========================================================================
Received Prepare
Shader 'Custom/RainShader': fallback shader 'Particles/Alpha Blended' not found
Refreshing native plugins compatible for Editor in 8.75 ms, found 16 plugins.
Preloading 2 native plugins for Editor in 0.07 ms.
Unloading 33 Unused Serialized files (Serialized files now loaded: 0)
System memory in use before: 69.3 MB.
System memory in use after: 69.6 MB.

Unloading 32 unused Assets to reduce memory usage. Loaded Objects now: 3174.
Total: 6.022900 ms (FindLiveObjects: 0.263500 ms CreateObjectMapping: 0.064000 ms MarkObjects: 5.667000 ms  DeleteObjects: 0.027500 ms)

AssetImportParameters requested are different than current active one (requested -> active):
  custom:framework-win-MediaFoundation: 216162199b28c13a410421893ffa2e32 -> 
  custom:video-decoder-ogg-theora: a1e56fd34408186e4bbccfd4996cb3dc -> 
  custom:container-muxer-webm: aa71ff27fc2769a1b78a27578f13a17b -> 
  custom:container-demuxer-webm: 4f35f7cbe854078d1ac9338744f61a02 -> 
  custom:container-demuxer-ogg: 62fdf1f143b41e24485cea50d1cbac27 -> 
  custom:video-encoder-webm-vp8: eb34c28f22e8b96e1ab97ce403110664 -> 
  custom:video-decoder-webm-vp8: 9c59270c3fd7afecdb556c50c9e8de78 -> 
  custom:audio-decoder-ogg-vorbis: bf7c407c2cedff20999df2af8eb42d56 -> 
  custom:audio-encoder-webm-vorbis: bf7c407c2cedff20999df2af8eb42d56 -> 
========================================================================
Received Prepare
Shader 'Custom/RainShader': fallback shader 'Particles/Alpha Blended' not found
Refreshing native plugins compatible for Editor in 8.72 ms, found 16 plugins.
Preloading 2 native plugins for Editor in 0.07 ms.
Unloading 33 Unused Serialized files (Serialized files now loaded: 0)
System memory in use before: 69.3 MB.
System memory in use after: 69.6 MB.

Unloading 32 unused Assets to reduce memory usage. Loaded Objects now: 3174.
Total: 3.601700 ms (FindLiveObjects: 0.277700 ms CreateObjectMapping: 0.064900 ms MarkObjects: 3.238000 ms  DeleteObjects: 0.020200 ms)

AssetImportParameters requested are different than current active one (requested -> active):
  custom:framework-win-MediaFoundation: 216162199b28c13a410421893ffa2e32 -> 
  custom:video-decoder-ogg-theora: a1e56fd34408186e4bbccfd4996cb3dc -> 
  custom:container-muxer-webm: aa71ff27fc2769a1b78a27578f13a17b -> 
  custom:container-demuxer-webm: 4f35f7cbe854078d1ac9338744f61a02 -> 
  custom:container-demuxer-ogg: 62fdf1f143b41e24485cea50d1cbac27 -> 
  custom:video-encoder-webm-vp8: eb34c28f22e8b96e1ab97ce403110664 -> 
  custom:video-decoder-webm-vp8: 9c59270c3fd7afecdb556c50c9e8de78 -> 
  custom:audio-decoder-ogg-vorbis: bf7c407c2cedff20999df2af8eb42d56 -> 
  custom:audio-encoder-webm-vorbis: bf7c407c2cedff20999df2af8eb42d56 -> 
